<?xml version="1.0" encoding="UTF-8"?>
<!-- Generated by org.testng.reporters.JUnitReportReporter -->
<testsuite hostname="NB-272" failures="0" tests="1" name="TestSuites.API_Autorizador" time="19.884" errors="0" timestamp="2023-10-30T15:28:57 ART" skipped="0">
  <testcase classname="TestSuites.API_Autorizador" name="TC_A196_compraReversoApiAutorizador" time="19.884"/>
  <system-out/>
</testsuite> <!-- TestSuites.API_Autorizador -->
