<?xml version="1.0" encoding="UTF-8"?>
<!-- Generated by org.testng.reporters.JUnitReportReporter -->
<testsuite hostname="NB-272" failures="0" tests="1" name="TestSuites.API_autorizador_end_to_end" time="157.726" errors="0" timestamp="2023-10-30T16:57:05 ART" skipped="0">
  <testcase classname="TestSuites.API_autorizador_end_to_end" name="TC_2_compraApiAutorizador" time="157.726"/>
  <system-out/>
</testsuite> <!-- TestSuites.API_autorizador_end_to_end -->
