<?xml version="1.0" encoding="UTF-8"?>
<!-- Generated by org.testng.reporters.JUnitReportReporter -->
<testsuite hostname="NB-272" failures="0" tests="1" name="TestSuites.Infinitus_Test" time="9.606" errors="0" timestamp="2023-04-19T14:07:00 ART" skipped="0">
  <testcase classname="TestSuites.Infinitus_Test" name="TC_01_OPERACIONES" time="9.606"/>
  <system-out/>
</testsuite> <!-- TestSuites.Infinitus_Test -->
