<?xml version="1.0" encoding="UTF-8"?>
<!-- Generated by org.testng.reporters.JUnitReportReporter -->
<testsuite hostname="NB-272" failures="0" tests="1" name="TestSuites.OpiRegresionMasterPrepagaDevolucion" time="96.773" errors="0" timestamp="2023-10-27T11:48:39 ART" skipped="0">
  <testcase classname="TestSuites.OpiRegresionMasterPrepagaDevolucion" name="opiPrepagaDevolucionParcialBinExtManual" time="96.773"/>
  <system-out/>
</testsuite> <!-- TestSuites.OpiRegresionMasterPrepagaDevolucion -->
