<?xml version="1.0" encoding="UTF-8"?>
<!-- Generated by org.testng.reporters.JUnitReportReporter -->
<testsuite hostname="NB-272" failures="0" tests="1" name="TestSuites.OpiRegresionMasterPrepagaCashback" time="65.067" errors="0" timestamp="2023-10-05T11:20:32 ART" skipped="0">
  <testcase classname="TestSuites.OpiRegresionMasterPrepagaCashback" name="opiPrepagaExtraccionAdelantoManual" time="65.067"/>
  <system-out/>
</testsuite> <!-- TestSuites.OpiRegresionMasterPrepagaCashback -->
