<?xml version="1.0" encoding="UTF-8"?>
<!-- Generated by org.testng.reporters.JUnitReportReporter -->
<testsuite hostname="NB-272" failures="1" tests="1" name="TestSuites.OpiRegresionMasterPrepagaDebito" time="20.588" errors="0" timestamp="2023-10-19T20:03:42 ART" skipped="0">
  <testcase classname="TestSuites.OpiRegresionMasterPrepagaDebito" name="opiPrepagaDebitoAutomaticoLocalMonedaExtChip" time="20.588">
    <failure message="Error:
com.jcraft.jsch.JSchException: timeout: socket is not established" type="junit.framework.AssertionFailedError">
      <![CDATA[junit.framework.AssertionFailedError: Error:
com.jcraft.jsch.JSchException: timeout: socket is not established
at junit.framework.Assert.fail(Assert.java:50)
at junit.framework.Assert.assertTrue(Assert.java:20)
at junit.framework.Assert.assertFalse(Assert.java:34)
at Tools.sshWorker.getOpiStatus(sshWorker.java:456)
at opi.wolfgang.AUT_OPI_OPERACIONES.debitoAutomatico(AUT_OPI_OPERACIONES.java:295)
at TestSuites.OpiRegresionMasterPrepagaDebito.opiPrepagaDebitoAutomaticoLocalMonedaExtChip(OpiRegresionMasterPrepagaDebito.java:764)
at java.base/jdk.internal.reflect.NativeMethodAccessorImpl.invoke0(Native Method)
at java.base/jdk.internal.reflect.NativeMethodAccessorImpl.invoke(NativeMethodAccessorImpl.java:77)
at java.base/jdk.internal.reflect.DelegatingMethodAccessorImpl.invoke(DelegatingMethodAccessorImpl.java:43)
at java.base/java.lang.reflect.Method.invoke(Method.java:568)
at org.testng.internal.MethodInvocationHelper.invokeMethod(MethodInvocationHelper.java:133)
at org.testng.internal.TestInvoker.invokeMethod(TestInvoker.java:598)
at org.testng.internal.TestInvoker.invokeTestMethod(TestInvoker.java:173)
at org.testng.internal.MethodRunner.runInSequence(MethodRunner.java:46)
at org.testng.internal.TestInvoker$MethodInvocationAgent.invoke(TestInvoker.java:824)
at org.testng.internal.TestInvoker.invokeTestMethods(TestInvoker.java:146)
at org.testng.internal.TestMethodWorker.invokeTestMethods(TestMethodWorker.java:146)
at org.testng.internal.TestMethodWorker.run(TestMethodWorker.java:128)
at java.base/java.util.ArrayList.forEach(ArrayList.java:1511)
at org.testng.TestRunner.privateRun(TestRunner.java:794)
at org.testng.TestRunner.run(TestRunner.java:596)
at org.testng.SuiteRunner.runTest(SuiteRunner.java:377)
at org.testng.SuiteRunner.runSequentially(SuiteRunner.java:371)
at org.testng.SuiteRunner.privateRun(SuiteRunner.java:332)
at org.testng.SuiteRunner.run(SuiteRunner.java:276)
at org.testng.SuiteRunnerWorker.runSuite(SuiteRunnerWorker.java:53)
at org.testng.SuiteRunnerWorker.run(SuiteRunnerWorker.java:96)
at org.testng.TestNG.runSuitesSequentially(TestNG.java:1212)
at org.testng.TestNG.runSuitesLocally(TestNG.java:1134)
at org.testng.TestNG.runSuites(TestNG.java:1063)
at org.testng.TestNG.run(TestNG.java:1031)
at org.testng.remote.AbstractRemoteTestNG.run(AbstractRemoteTestNG.java:115)
at org.testng.remote.RemoteTestNG.initAndRun(RemoteTestNG.java:251)
at org.testng.remote.RemoteTestNG.main(RemoteTestNG.java:77)
]]>
    </failure>
  </testcase> <!-- opiPrepagaDebitoAutomaticoLocalMonedaExtChip -->
  <system-out/>
</testsuite> <!-- TestSuites.OpiRegresionMasterPrepagaDebito -->
