<?xml version="1.0" encoding="UTF-8"?>
<!-- Generated by org.testng.reporters.JUnitReportReporter -->
<testsuite hostname="NB-272" failures="0" tests="1" name="TestSuites.OpiRegresionMasterPrepagaCompra" time="60.664" errors="0" timestamp="2023-09-29T09:59:03 ART" skipped="0">
  <testcase classname="TestSuites.OpiRegresionMasterPrepagaCompra" name="opiPrepagaCompraServicioDigitalExtMonedaExtBanda" time="60.664"/>
  <system-out/>
</testsuite> <!-- TestSuites.OpiRegresionMasterPrepagaCompra -->
