<?xml version="1.0" encoding="UTF-8"?>
<!-- Generated by org.testng.reporters.JUnitReportReporter -->
<testsuite hostname="NB-272" failures="0" tests="1" name="TestSuites.API_RegresionTestSuite" time="3.574" errors="0" timestamp="2023-10-03T08:38:56 ART" skipped="0">
  <testcase classname="TestSuites.API_RegresionTestSuite" name="TC_16_consultaDeDisponible" time="3.574"/>
  <system-out/>
</testsuite> <!-- TestSuites.API_RegresionTestSuite -->
